# JRE version: OpenJDK Runtime Environment (11.0.11+9) (build 11.0.11+9-b60-7590822)
# Java VM: OpenJDK 64-Bit Server VM (11.0.11+9-b60-7590822, mixed mode, tiered, compressed oops, g1 gc, windows-amd64)
Heap:
 garbage-first heap   total 189440K, used 98218K [0x0000000080000000, 0x0000000100000000)
  region size 1024K, 8 young (8192K), 2 survivors (2048K)
 Metaspace       used 116284K, capacity 119405K, committed 119660K, reserved 1153024K
  class space    used 14962K, capacity 16162K, committed 16280K, reserved 1048576K
GC Heap History (20 events):
Event: 1270.301 GC heap before
{Heap before GC invocations=34 (full 0):
 garbage-first heap   total 189440K, used 128691K [0x0000000080000000, 0x0000000100000000)
  region size 1024K, 32 young (32768K), 2 survivors (2048K)
 Metaspace       used 115198K, capacity 118297K, committed 118508K, reserved 1150976K
  class space    used 14941K, capacity 16123K, committed 16152K, reserved 1048576K
}
Event: 1270.316 GC heap after
{Heap after GC invocations=35 (full 0):
 garbage-first heap   total 189440K, used 117760K [0x0000000080000000, 0x0000000100000000)
  region size 1024K, 7 young (7168K), 7 survivors (7168K)
 Metaspace       used 115198K, capacity 118297K, committed 118508K, reserved 1150976K
  class space    used 14941K, capacity 16123K, committed 16152K, reserved 1048576K
}
Event: 1289.388 GC heap before
{Heap before GC invocations=36 (full 0):
 garbage-first heap   total 189440K, used 160768K [0x0000000080000000, 0x0000000100000000)
  region size 1024K, 35 young (35840K), 7 survivors (7168K)
 Metaspace       used 115566K, capacity 118612K, committed 118764K, reserved 1153024K
  class space    used 14956K, capacity 16151K, committed 16152K, reserved 1048576K
}
Event: 1289.401 GC heap after
{Heap after GC invocations=37 (full 0):
 garbage-first heap   total 189440K, used 119572K [0x0000000080000000, 0x0000000100000000)
  region size 1024K, 4 young (4096K), 4 survivors (4096K)
 Metaspace       used 115566K, capacity 118612K, committed 118764K, reserved 1153024K
  class space    used 14956K, capacity 16151K, committed 16152K, reserved 1048576K
}
Event: 1289.457 GC heap before
{Heap before GC invocations=37 (full 0):
 garbage-first heap   total 189440K, used 123668K [0x0000000080000000, 0x0000000100000000)
  region size 1024K, 9 young (9216K), 4 survivors (4096K)
 Metaspace       used 115566K, capacity 118612K, committed 118764K, reserved 1153024K
  class space    used 14956K, capacity 16151K, committed 16152K, reserved 1048576K
}
Event: 1289.465 GC heap after
{Heap after GC invocations=38 (full 0):
 garbage-first heap   total 189440K, used 113064K [0x0000000080000000, 0x0000000100000000)
  region size 1024K, 2 young (2048K), 2 survivors (2048K)
 Metaspace       used 115566K, capacity 118612K, committed 118764K, reserved 1153024K
  class space    used 14956K, capacity 16151K, committed 16152K, reserved 1048576K
}
Event: 1290.703 GC heap before
{Heap before GC invocations=38 (full 0):
 garbage-first heap   total 189440K, used 140712K [0x0000000080000000, 0x0000000100000000)
  region size 1024K, 31 young (31744K), 2 survivors (2048K)
 Metaspace       used 115632K, capacity 118677K, committed 118764K, reserved 1153024K
  class space    used 14956K, capacity 16151K, committed 16152K, reserved 1048576K
}
Event: 1290.710 GC heap after
{Heap after GC invocations=39 (full 0):
 garbage-first heap   total 189440K, used 114795K [0x0000000080000000, 0x0000000100000000)
  region size 1024K, 4 young (4096K), 4 survivors (4096K)
 Metaspace       used 115632K, capacity 118677K, committed 118764K, reserved 1153024K
  class space    used 14956K, capacity 16151K, committed 16152K, reserved 1048576K
}
Event: 1293.753 GC heap before
{Heap before GC invocations=40 (full 0):
 garbage-first heap   total 189440K, used 132203K [0x0000000080000000, 0x0000000100000000)
  region size 1024K, 35 young (35840K), 4 survivors (4096K)
 Metaspace       used 115858K, capacity 118942K, committed 119020K, reserved 1153024K
  class space    used 14956K, capacity 16151K, committed 16152K, reserved 1048576K
}
Event: 1293.757 GC heap after
{Heap after GC invocations=41 (full 0):
 garbage-first heap   total 189440K, used 100675K [0x0000000080000000, 0x0000000100000000)
  region size 1024K, 3 young (3072K), 3 survivors (3072K)
 Metaspace       used 115858K, capacity 118942K, committed 119020K, reserved 1153024K
  class space    used 14956K, capacity 16151K, committed 16152K, reserved 1048576K
}
Event: 1293.991 GC heap before
{Heap before GC invocations=41 (full 0):
 garbage-first heap   total 189440K, used 106819K [0x0000000080000000, 0x0000000100000000)
  region size 1024K, 9 young (9216K), 3 survivors (3072K)
 Metaspace       used 115955K, capacity 119081K, committed 119276K, reserved 1153024K
  class space    used 14957K, capacity 16152K, committed 16152K, reserved 1048576K
}
Event: 1293.997 GC heap after
{Heap after GC invocations=42 (full 0):
 garbage-first heap   total 189440K, used 92861K [0x0000000080000000, 0x0000000100000000)
  region size 1024K, 1 young (1024K), 1 survivors (1024K)
 Metaspace       used 115955K, capacity 119081K, committed 119276K, reserved 1153024K
  class space    used 14957K, capacity 16152K, committed 16152K, reserved 1048576K
}
Event: 1294.278 GC heap before
{Heap before GC invocations=42 (full 0):
 garbage-first heap   total 189440K, used 111293K [0x0000000080000000, 0x0000000100000000)
  region size 1024K, 21 young (21504K), 1 survivors (1024K)
 Metaspace       used 116048K, capacity 119166K, committed 119404K, reserved 1153024K
  class space    used 14958K, capacity 16155K, committed 16280K, reserved 1048576K
}
Event: 1294.280 GC heap after
{Heap after GC invocations=43 (full 0):
 garbage-first heap   total 189440K, used 93124K [0x0000000080000000, 0x0000000100000000)
  region size 1024K, 1 young (1024K), 1 survivors (1024K)
 Metaspace       used 116048K, capacity 119166K, committed 119404K, reserved 1153024K
  class space    used 14958K, capacity 16155K, committed 16280K, reserved 1048576K
}
Event: 5600.324 GC heap before
{Heap before GC invocations=44 (full 0):
 garbage-first heap   total 189440K, used 148420K [0x0000000080000000, 0x0000000100000000)
  region size 1024K, 47 young (48128K), 1 survivors (1024K)
 Metaspace       used 116080K, capacity 119166K, committed 119404K, reserved 1153024K
  class space    used 14958K, capacity 16155K, committed 16280K, reserved 1048576K
}
Event: 5600.326 GC heap after
{Heap after GC invocations=45 (full 0):
 garbage-first heap   total 189440K, used 92734K [0x0000000080000000, 0x0000000100000000)
  region size 1024K, 1 young (1024K), 1 survivors (1024K)
 Metaspace       used 116080K, capacity 119166K, committed 119404K, reserved 1153024K
  class space    used 14958K, capacity 16155K, committed 16280K, reserved 1048576K
}
Event: 5605.151 GC heap before
{Heap before GC invocations=45 (full 0):
 garbage-first heap   total 189440K, used 99902K [0x0000000080000000, 0x0000000100000000)
  region size 1024K, 9 young (9216K), 1 survivors (1024K)
 Metaspace       used 116099K, capacity 119166K, committed 119404K, reserved 1153024K
  class space    used 14958K, capacity 16155K, committed 16280K, reserved 1048576K
}
Event: 5605.155 GC heap after
{Heap after GC invocations=46 (full 0):
 garbage-first heap   total 189440K, used 91468K [0x0000000080000000, 0x0000000100000000)
  region size 1024K, 1 young (1024K), 1 survivors (1024K)
 Metaspace       used 116099K, capacity 119166K, committed 119404K, reserved 1153024K
  class space    used 14958K, capacity 16155K, committed 16280K, reserved 1048576K
}
Event: 5751.984 GC heap before
{Heap before GC invocations=46 (full 0):
 garbage-first heap   total 189440K, used 141644K [0x0000000080000000, 0x0000000100000000)
  region size 1024K, 51 young (52224K), 1 survivors (1024K)
 Metaspace       used 116215K, capacity 119325K, committed 119660K, reserved 1153024K
  class space    used 14961K, capacity 16160K, committed 16280K, reserved 1048576K
}
Event: 5751.992 GC heap after
{Heap after GC invocations=47 (full 0):
 garbage-first heap   total 189440K, used 93098K [0x0000000080000000, 0x0000000100000000)
  region size 1024K, 2 young (2048K), 2 survivors (2048K)
 Metaspace       used 116215K, capacity 119325K, committed 119660K, reserved 1153024K
  class space    used 14961K, capacity 16160K, committed 16280K, reserved 1048576K
}

